<?xml version="1.0" encoding="UTF-8" standalone="yes" ?>
<test-results name="D:\Developpement\Programmes\FMX\MapReduce3\test\MapReduce\Win32\Debug\GBEMapReduceTest.exe" total="7" errors="0" failures="0" ignored="0" inconclusive="0" not-run="0" skipped="0" invalid="0" date="2022-09-23" time="0.055">
  <culture-info current-culture="en" current-uiculture="en" />
  <test-suite type="Assembly" name="GBEMapReduceTest.exe" executed="true" result="Success" success="True" time="0.055" asserts="0">
    <results>
        <test-suite type="Namespace" name="uTestMapReduce" executed="true" result="Success" success="True" time="0.055" asserts="0" >
          <results>
              <test-suite type="Fixture" name="TestMapReduce" executed="True" result="Success" success="True" time="0.055" >
                <results>
                  <test-case name="TestMapInteger.Test 1 MAP OK" executed="True" result="Success" success="True" time="0.000" asserts="0" />
                  <test-case name="TestMapInteger.Test 2 MAP OK" executed="True" result="Success" success="True" time="0.000" asserts="0" />
                  <test-case name="TestMapIntegerKO.Test 3 MAP K0 (valeur)" executed="True" result="Success" success="True" time="0.000" asserts="0" />
                  <test-case name="TestMapIntegerKO.Test 4 MAP K0 (longueur)" executed="True" result="Success" success="True" time="0.000" asserts="0" />
                  <test-case name="TestReduceInteger.Test 5 REDUCE OK" executed="True" result="Success" success="True" time="0.000" asserts="0" />
                  <test-case name="TestReduceInteger.Test 6 REDUCE OK" executed="True" result="Success" success="True" time="0.000" asserts="0" />
                  <test-case name="TestExtractInteger.Test 7 EXTRACT OK" executed="True" result="Success" success="True" time="0.000" asserts="0" />
                </results>
              </test-suite>
          </results>
        </test-suite>
    </results>
  </test-suite>
</test-results>
